Arguments: 
  /Users/zeigert/.nvm/versions/node/v8.11.3/bin/node /Users/zeigert/.nvm/versions/node/v8.11.3/bin/yarn remove mithril

PATH: 
  /Users/zeigert/.nvm/versions/node/v8.11.3/bin:/Users/zeigert/.rvm/gems/ruby-2.4.0/bin:/Users/zeigert/.rvm/gems/ruby-2.4.0@global/bin:/Users/zeigert/.rvm/rubies/ruby-2.4.0/bin:/Users/zeigert/miniconda3/bin:/usr/local/bin:/usr/bin:/bin:/usr/sbin:/sbin:/opt/X11/bin:/Users/zeigert/.rvm/bin

Yarn version: 
  1.9.4

Node version: 
  8.11.3

Platform: 
  darwin x64

Trace: 
  SyntaxError: /Users/zeigert/Github/book-logger/package.json: Unexpected token } in JSON at position 259
      at JSON.parse (<anonymous>)
      at /Users/zeigert/.nvm/versions/node/v8.11.3/lib/node_modules/yarn/lib/cli.js:1130:59
      at Generator.next (<anonymous>)
      at step (/Users/zeigert/.nvm/versions/node/v8.11.3/lib/node_modules/yarn/lib/cli.js:92:30)
      at /Users/zeigert/.nvm/versions/node/v8.11.3/lib/node_modules/yarn/lib/cli.js:103:13
      at <anonymous>

npm manifest: 
  {
    "name": "book-logger",
    "version": "1.0.0",
    "description": "Log books that you've read without the bullshit.",
    "main": "src/index.js",
    "author": "Andy Zeigert",
    "license": "MIT",
    "private": false,
    "dependencies": {
      "mithril": "^1.1.6",
    }
  }

yarn manifest: 
  No manifest

Lockfile: 
  # THIS IS AN AUTOGENERATED FILE. DO NOT EDIT THIS FILE DIRECTLY.
  # yarn lockfile v1
  
  
  mithril@^1.1.6:
    version "1.1.6"
    resolved "https://registry.yarnpkg.com/mithril/-/mithril-1.1.6.tgz#bd2cc0de3d3c86076a6a7a30367a601a1bd108f3"
